<?xml version="1.0" encoding="UTF-8"?>
<testng-results skipped="0" failed="0" ignored="0" total="1" passed="1">
  <reporter-output>
  </reporter-output>
  <suite name="Default suite" duration-ms="11779" started-at="2020-04-25T17:45:06 IST" finished-at="2020-04-25T17:45:17 IST">
    <groups>
    </groups>
    <test name="Default test" duration-ms="11779" started-at="2020-04-25T17:45:06 IST" finished-at="2020-04-25T17:45:17 IST">
      <class name="com.qa.SeleniumGrid.GridTest">
        <test-method status="PASS" signature="main()[pri:0, instance:com.qa.SeleniumGrid.GridTest@57536d79]" name="main" duration-ms="11668" started-at="2020-04-25T17:45:06 IST" finished-at="2020-04-25T17:45:17 IST">
          <reporter-output>
          </reporter-output>
        </test-method> <!-- main -->
      </class> <!-- com.qa.SeleniumGrid.GridTest -->
    </test> <!-- Default test -->
  </suite> <!-- Default suite -->
</testng-results>
